<?xml version="1.0" encoding="UTF-8"?>
<!-- Generated by org.testng.reporters.JUnitReportReporter -->
<testsuite skipped="0" hostname="Ayfers-MacBook-Pro.local" name="com.mytests.FacebookTest" tests="2" failures="0" timestamp="11 Jan 2020 19:36:27 GMT" time="80.898" errors="0">
  <testcase name="facebookTitleTest_1" time="39.344" classname="com.mytests.FacebookTest"/>
  <testcase name="facebookTitleTest_2" time="41.554" classname="com.mytests.FacebookTest"/>
</testsuite> <!-- com.mytests.FacebookTest -->
