<?xml version="1.0" encoding="UTF-8"?>
<!-- Generated by org.testng.reporters.JUnitReportReporter -->
<testsuite skipped="0" hostname="Ayfers-MacBook-Pro.local" name="com.mytests.GoogleTest" tests="4" failures="0" timestamp="11 Jan 2020 19:36:27 GMT" time="171.558" errors="0">
  <testcase name="googleTitleTest_3" time="6.836" classname="com.mytests.GoogleTest"/>
  <testcase name="googleTitleTest_1" time="48.090" classname="com.mytests.GoogleTest"/>
  <testcase name="googleTitleTest_4" time="75.968" classname="com.mytests.GoogleTest"/>
  <testcase name="googleTitleTest_2" time="40.664" classname="com.mytests.GoogleTest"/>
</testsuite> <!-- com.mytests.GoogleTest -->
